2023-02-17 06:34:34,711 [Worker-2: Loading available Gradle versions] INFO  o.e.b.c.i.u.g.PublishedGradleVersions - Gradle version information cache is up-to-date. Trying to read.
2023-02-17 06:35:34,305 [Worker-7: Import Getting Started Content] INFO  o.e.m.c.i.l.LifecycleMappingFactory - Using org.eclipse.m2e.jdt.JarLifecycleMapping lifecycle mapping for MavenProject: com.testejava.crm:testejava-crm:0.0.1-SNAPSHOT @ D:\Projetos\testejava-crm\pom.xml.
2023-02-17 06:35:34,819 [Worker-7: Import Getting Started Content] INFO  o.e.m.j.i.AbstractJavaProjectConfigurator - Adding source folder /testejava-crm/src/main/java
2023-02-17 06:35:34,820 [Worker-7: Import Getting Started Content] INFO  o.e.m.j.i.AbstractJavaProjectConfigurator - Adding resource folder /testejava-crm/src/main/resources
2023-02-17 06:35:34,825 [Worker-7: Import Getting Started Content] INFO  o.e.m.j.i.AbstractJavaProjectConfigurator - Adding resource folder /testejava-crm/src/main/resources
2023-02-17 06:35:34,830 [Worker-7: Import Getting Started Content] INFO  o.e.m.j.i.AbstractJavaProjectConfigurator - Adding source folder /testejava-crm/src/test/java
2023-02-17 06:35:35,890 [Worker-7: Import Getting Started Content] INFO  o.e.m.c.i.p.ProjectConfigurationManager - Imported and configured 1 project(s) in 2 sec
2023-02-17 06:35:35,893 [Worker-7: Import Getting Started Content] INFO  o.e.m.c.i.p.ProjectConfigurationManager - Update started
2023-02-17 06:35:36,046 [Worker-7: Import Getting Started Content] INFO  o.e.m.c.i.l.LifecycleMappingFactory - Using org.eclipse.m2e.jdt.JarLifecycleMapping lifecycle mapping for MavenProject: com.testejava.crm:testejava-crm:0.0.1-SNAPSHOT @ D:\Projetos\testejava-crm\pom.xml.
2023-02-17 06:35:36,238 [Worker-7: Import Getting Started Content] INFO  o.e.m.j.i.AbstractJavaProjectConfigurator - Adding source folder /testejava-crm/src/main/java
2023-02-17 06:35:36,238 [Worker-7: Import Getting Started Content] INFO  o.e.m.j.i.AbstractJavaProjectConfigurator - Adding resource folder /testejava-crm/src/main/resources
2023-02-17 06:35:36,239 [Worker-7: Import Getting Started Content] INFO  o.e.m.j.i.AbstractJavaProjectConfigurator - Adding resource folder /testejava-crm/src/main/resources
2023-02-17 06:35:36,239 [Worker-7: Import Getting Started Content] INFO  o.e.m.j.i.AbstractJavaProjectConfigurator - Adding source folder /testejava-crm/src/test/java
2023-02-17 06:35:36,563 [Worker-7: Import Getting Started Content] INFO  o.e.m.c.i.p.ProjectConfigurationManager - Update completed for 1 poms: local refresh takes 0,00 sec, refresh facades takes 0,00 sec, update config takes 0,00 sec 
2023-02-17 06:50:58,612 [Worker-3: Building] INFO  o.e.m.c.i.l.LifecycleMappingFactory - Using org.eclipse.m2e.jdt.JarLifecycleMapping lifecycle mapping for MavenProject: com.testejava.crm:testejava-crm:0.0.1-SNAPSHOT @ D:\Projetos\testejava-crm\pom.xml.
2023-02-17 06:50:59,284 [Worker-3: Building] INFO  o.a.m.s.f.DefaultMavenResourcesFiltering - Copying 0 resource
2023-02-17 06:50:59,284 [Worker-3: Building] INFO  o.a.m.s.f.DefaultMavenResourcesFiltering - Copying 0 resource
2023-02-17 06:50:59,286 [Worker-3: Building] INFO  o.a.m.s.f.DefaultMavenResourcesFiltering - skip non existing resourceDirectory D:\Projetos\testejava-crm\src\test\resources
2023-02-17 06:51:00,582 [Worker-6: Building] INFO  o.a.m.s.f.DefaultMavenResourcesFiltering - Copying 1 resource
2023-02-17 06:51:00,591 [Worker-6: Building] INFO  o.a.m.s.f.DefaultMavenResourcesFiltering - Copying 0 resource
2023-02-17 06:51:00,594 [Worker-6: Building] INFO  o.a.m.s.f.DefaultMavenResourcesFiltering - skip non existing resourceDirectory D:\Projetos\testejava-crm\src\test\resources
2023-02-17 06:51:27,396 [Worker-12: Building] INFO  o.a.m.s.f.DefaultMavenResourcesFiltering - Copying 1 resource
2023-02-17 06:51:27,398 [Worker-12: Building] INFO  o.a.m.s.f.DefaultMavenResourcesFiltering - Copying 0 resource
2023-02-17 06:51:27,400 [Worker-12: Building] INFO  o.a.m.s.f.DefaultMavenResourcesFiltering - skip non existing resourceDirectory D:\Projetos\testejava-crm\src\test\resources
2023-02-17 06:53:05,715 [Worker-12: Building] INFO  o.a.m.s.f.DefaultMavenResourcesFiltering - Copying 1 resource
2023-02-17 06:53:05,718 [Worker-12: Building] INFO  o.a.m.s.f.DefaultMavenResourcesFiltering - Copying 0 resource
2023-02-17 06:53:05,720 [Worker-12: Building] INFO  o.a.m.s.f.DefaultMavenResourcesFiltering - skip non existing resourceDirectory D:\Projetos\testejava-crm\src\test\resources
2023-02-17 06:53:37,331 [Worker-11: Building] INFO  o.a.m.s.f.DefaultMavenResourcesFiltering - Copying 1 resource
2023-02-17 06:53:37,334 [Worker-11: Building] INFO  o.a.m.s.f.DefaultMavenResourcesFiltering - Copying 0 resource
2023-02-17 06:53:37,336 [Worker-11: Building] INFO  o.a.m.s.f.DefaultMavenResourcesFiltering - skip non existing resourceDirectory D:\Projetos\testejava-crm\src\test\resources
2023-02-17 06:55:58,538 [Worker-6: Building] INFO  o.a.m.s.f.DefaultMavenResourcesFiltering - Copying 1 resource
2023-02-17 06:55:58,540 [Worker-6: Building] INFO  o.a.m.s.f.DefaultMavenResourcesFiltering - Copying 0 resource
2023-02-17 06:55:58,542 [Worker-6: Building] INFO  o.a.m.s.f.DefaultMavenResourcesFiltering - skip non existing resourceDirectory D:\Projetos\testejava-crm\src\test\resources
2023-02-17 06:57:02,351 [Worker-11: Building] INFO  o.a.m.s.f.DefaultMavenResourcesFiltering - Copying 1 resource
2023-02-17 06:57:02,355 [Worker-11: Building] INFO  o.a.m.s.f.DefaultMavenResourcesFiltering - Copying 0 resource
2023-02-17 06:57:02,356 [Worker-11: Building] INFO  o.a.m.s.f.DefaultMavenResourcesFiltering - skip non existing resourceDirectory D:\Projetos\testejava-crm\src\test\resources
2023-02-17 06:57:09,728 [Worker-12: Building] INFO  o.a.m.s.f.DefaultMavenResourcesFiltering - Copying 1 resource
2023-02-17 06:57:09,732 [Worker-12: Building] INFO  o.a.m.s.f.DefaultMavenResourcesFiltering - Copying 0 resource
2023-02-17 06:57:09,734 [Worker-12: Building] INFO  o.a.m.s.f.DefaultMavenResourcesFiltering - skip non existing resourceDirectory D:\Projetos\testejava-crm\src\test\resources
2023-02-17 06:57:25,743 [Worker-3: Building] INFO  o.a.m.s.f.DefaultMavenResourcesFiltering - Copying 1 resource
2023-02-17 06:57:25,746 [Worker-3: Building] INFO  o.a.m.s.f.DefaultMavenResourcesFiltering - Copying 0 resource
2023-02-17 06:57:25,748 [Worker-3: Building] INFO  o.a.m.s.f.DefaultMavenResourcesFiltering - skip non existing resourceDirectory D:\Projetos\testejava-crm\src\test\resources
2023-02-17 06:57:35,388 [Worker-12: Building] INFO  o.a.m.s.f.DefaultMavenResourcesFiltering - Copying 1 resource
2023-02-17 06:57:35,391 [Worker-12: Building] INFO  o.a.m.s.f.DefaultMavenResourcesFiltering - Copying 0 resource
2023-02-17 06:57:35,393 [Worker-12: Building] INFO  o.a.m.s.f.DefaultMavenResourcesFiltering - skip non existing resourceDirectory D:\Projetos\testejava-crm\src\test\resources
2023-02-17 06:58:36,416 [Worker-13: Building] INFO  o.a.m.s.f.DefaultMavenResourcesFiltering - Copying 1 resource
2023-02-17 06:58:36,418 [Worker-13: Building] INFO  o.a.m.s.f.DefaultMavenResourcesFiltering - Copying 0 resource
2023-02-17 06:58:36,420 [Worker-13: Building] INFO  o.a.m.s.f.DefaultMavenResourcesFiltering - skip non existing resourceDirectory D:\Projetos\testejava-crm\src\test\resources
2023-02-17 06:59:16,894 [Worker-11: Building] INFO  o.a.m.s.f.DefaultMavenResourcesFiltering - Copying 1 resource
2023-02-17 06:59:16,896 [Worker-11: Building] INFO  o.a.m.s.f.DefaultMavenResourcesFiltering - Copying 0 resource
2023-02-17 06:59:16,898 [Worker-11: Building] INFO  o.a.m.s.f.DefaultMavenResourcesFiltering - skip non existing resourceDirectory D:\Projetos\testejava-crm\src\test\resources
2023-02-17 06:59:50,015 [Worker-13: Building] INFO  o.a.m.s.f.DefaultMavenResourcesFiltering - Copying 1 resource
2023-02-17 06:59:50,023 [Worker-13: Building] INFO  o.a.m.s.f.DefaultMavenResourcesFiltering - Copying 0 resource
2023-02-17 06:59:50,025 [Worker-13: Building] INFO  o.a.m.s.f.DefaultMavenResourcesFiltering - skip non existing resourceDirectory D:\Projetos\testejava-crm\src\test\resources
2023-02-17 07:00:44,765 [Worker-11: Building] INFO  o.a.m.s.f.DefaultMavenResourcesFiltering - Copying 1 resource
2023-02-17 07:00:44,768 [Worker-11: Building] INFO  o.a.m.s.f.DefaultMavenResourcesFiltering - Copying 0 resource
2023-02-17 07:00:44,769 [Worker-11: Building] INFO  o.a.m.s.f.DefaultMavenResourcesFiltering - skip non existing resourceDirectory D:\Projetos\testejava-crm\src\test\resources
2023-02-17 07:01:51,813 [Worker-13: Building] INFO  o.a.m.s.f.DefaultMavenResourcesFiltering - Copying 1 resource
2023-02-17 07:01:51,821 [Worker-13: Building] INFO  o.a.m.s.f.DefaultMavenResourcesFiltering - Copying 0 resource
2023-02-17 07:01:51,822 [Worker-13: Building] INFO  o.a.m.s.f.DefaultMavenResourcesFiltering - skip non existing resourceDirectory D:\Projetos\testejava-crm\src\test\resources
2023-02-17 07:02:16,584 [Worker-15: Building] INFO  o.a.m.s.f.DefaultMavenResourcesFiltering - Copying 1 resource
2023-02-17 07:02:16,587 [Worker-15: Building] INFO  o.a.m.s.f.DefaultMavenResourcesFiltering - Copying 0 resource
2023-02-17 07:02:16,589 [Worker-15: Building] INFO  o.a.m.s.f.DefaultMavenResourcesFiltering - skip non existing resourceDirectory D:\Projetos\testejava-crm\src\test\resources
2023-02-17 07:03:04,476 [Worker-11: Building] INFO  o.a.m.s.f.DefaultMavenResourcesFiltering - Copying 1 resource
2023-02-17 07:03:04,480 [Worker-11: Building] INFO  o.a.m.s.f.DefaultMavenResourcesFiltering - Copying 0 resource
2023-02-17 07:03:04,481 [Worker-11: Building] INFO  o.a.m.s.f.DefaultMavenResourcesFiltering - skip non existing resourceDirectory D:\Projetos\testejava-crm\src\test\resources
2023-02-17 07:06:52,869 [Worker-17: Building] INFO  o.a.m.s.f.DefaultMavenResourcesFiltering - Copying 1 resource
2023-02-17 07:06:52,873 [Worker-17: Building] INFO  o.a.m.s.f.DefaultMavenResourcesFiltering - Copying 0 resource
2023-02-17 07:06:52,874 [Worker-17: Building] INFO  o.a.m.s.f.DefaultMavenResourcesFiltering - skip non existing resourceDirectory D:\Projetos\testejava-crm\src\test\resources
2023-02-17 07:07:28,818 [Worker-3: Building] INFO  o.a.m.s.f.DefaultMavenResourcesFiltering - Copying 1 resource
2023-02-17 07:07:28,826 [Worker-3: Building] INFO  o.a.m.s.f.DefaultMavenResourcesFiltering - Copying 0 resource
2023-02-17 07:07:28,827 [Worker-3: Building] INFO  o.a.m.s.f.DefaultMavenResourcesFiltering - skip non existing resourceDirectory D:\Projetos\testejava-crm\src\test\resources
2023-02-17 07:07:42,953 [Worker-18: Building] INFO  o.a.m.s.f.DefaultMavenResourcesFiltering - Copying 1 resource
2023-02-17 07:07:42,955 [Worker-18: Building] INFO  o.a.m.s.f.DefaultMavenResourcesFiltering - Copying 0 resource
2023-02-17 07:07:42,957 [Worker-18: Building] INFO  o.a.m.s.f.DefaultMavenResourcesFiltering - skip non existing resourceDirectory D:\Projetos\testejava-crm\src\test\resources
2023-02-17 07:11:51,261 [Worker-20: Building] INFO  o.a.m.s.f.DefaultMavenResourcesFiltering - Copying 1 resource
2023-02-17 07:11:51,263 [Worker-20: Building] INFO  o.a.m.s.f.DefaultMavenResourcesFiltering - Copying 0 resource
2023-02-17 07:11:51,265 [Worker-20: Building] INFO  o.a.m.s.f.DefaultMavenResourcesFiltering - skip non existing resourceDirectory D:\Projetos\testejava-crm\src\test\resources
2023-02-17 07:12:41,396 [Worker-20: Building] INFO  o.a.m.s.f.DefaultMavenResourcesFiltering - Copying 1 resource
2023-02-17 07:12:41,407 [Worker-20: Building] INFO  o.a.m.s.f.DefaultMavenResourcesFiltering - Copying 0 resource
2023-02-17 07:12:41,409 [Worker-20: Building] INFO  o.a.m.s.f.DefaultMavenResourcesFiltering - skip non existing resourceDirectory D:\Projetos\testejava-crm\src\test\resources
2023-02-17 07:14:25,313 [Worker-21: Building] INFO  o.a.m.s.f.DefaultMavenResourcesFiltering - Copying 0 resource
2023-02-17 07:14:25,313 [Worker-21: Building] INFO  o.a.m.s.f.DefaultMavenResourcesFiltering - Copying 0 resource
2023-02-17 07:14:25,314 [Worker-21: Building] INFO  o.a.m.s.f.DefaultMavenResourcesFiltering - skip non existing resourceDirectory D:\Projetos\testejava-crm\src\test\resources
2023-02-17 07:17:35,192 [Worker-23: Building] INFO  o.a.m.s.f.DefaultMavenResourcesFiltering - Copying 1 resource
2023-02-17 07:17:35,195 [Worker-23: Building] INFO  o.a.m.s.f.DefaultMavenResourcesFiltering - Copying 0 resource
2023-02-17 07:17:35,197 [Worker-23: Building] INFO  o.a.m.s.f.DefaultMavenResourcesFiltering - skip non existing resourceDirectory D:\Projetos\testejava-crm\src\test\resources
2023-02-17 07:17:48,593 [Worker-20: Building] INFO  o.a.m.s.f.DefaultMavenResourcesFiltering - Copying 1 resource
2023-02-17 07:17:48,596 [Worker-20: Building] INFO  o.a.m.s.f.DefaultMavenResourcesFiltering - Copying 0 resource
2023-02-17 07:17:48,597 [Worker-20: Building] INFO  o.a.m.s.f.DefaultMavenResourcesFiltering - skip non existing resourceDirectory D:\Projetos\testejava-crm\src\test\resources
2023-02-17 07:18:06,439 [Worker-23: Building] INFO  o.a.m.s.f.DefaultMavenResourcesFiltering - Copying 1 resource
2023-02-17 07:18:06,442 [Worker-23: Building] INFO  o.a.m.s.f.DefaultMavenResourcesFiltering - Copying 0 resource
2023-02-17 07:18:06,444 [Worker-23: Building] INFO  o.a.m.s.f.DefaultMavenResourcesFiltering - skip non existing resourceDirectory D:\Projetos\testejava-crm\src\test\resources
2023-02-17 07:20:45,549 [Worker-24: Building] INFO  o.a.m.s.f.DefaultMavenResourcesFiltering - Copying 0 resource
2023-02-17 07:20:45,549 [Worker-24: Building] INFO  o.a.m.s.f.DefaultMavenResourcesFiltering - Copying 0 resource
2023-02-17 07:20:45,550 [Worker-24: Building] INFO  o.a.m.s.f.DefaultMavenResourcesFiltering - skip non existing resourceDirectory D:\Projetos\testejava-crm\src\test\resources
2023-02-17 07:21:57,267 [Worker-25: Building] INFO  o.a.m.s.f.DefaultMavenResourcesFiltering - Copying 0 resource
2023-02-17 07:21:57,267 [Worker-25: Building] INFO  o.a.m.s.f.DefaultMavenResourcesFiltering - Copying 0 resource
2023-02-17 07:21:57,269 [Worker-25: Building] INFO  o.a.m.s.f.DefaultMavenResourcesFiltering - skip non existing resourceDirectory D:\Projetos\testejava-crm\src\test\resources
2023-02-17 07:22:52,240 [Worker-23: Building] INFO  o.a.m.s.f.DefaultMavenResourcesFiltering - Copying 1 resource
2023-02-17 07:22:52,244 [Worker-23: Building] INFO  o.a.m.s.f.DefaultMavenResourcesFiltering - Copying 0 resource
2023-02-17 07:22:52,245 [Worker-23: Building] INFO  o.a.m.s.f.DefaultMavenResourcesFiltering - skip non existing resourceDirectory D:\Projetos\testejava-crm\src\test\resources
2023-02-17 07:36:58,447 [main] INFO  o.e.m2e.actions.ExecutePomAction - Creating new launch configuration
2023-02-17 07:37:15,078 [Worker-27: Launching testejava-crm] INFO  o.eclipse.m2e.core.internal.Bundles - getClasspathEntries(Bundle=org.eclipse.m2e.maven.runtime_3.8.604.20221130-2149 [345])
2023-02-17 07:37:15,086 [Worker-27: Launching testejava-crm] INFO  o.eclipse.m2e.core.internal.Bundles - 	Entry: C:\Users\Usuario\Downloads\sts-4.17.2.RELEASE\plugins\org.eclipse.m2e.maven.runtime_3.8.604.20221130-2149
2023-02-17 07:37:15,086 [Worker-27: Launching testejava-crm] INFO  o.eclipse.m2e.core.internal.Bundles - 	Entry: C:\Users\Usuario\Downloads\sts-4.17.2.RELEASE\plugins\org.eclipse.m2e.maven.runtime_3.8.604.20221130-2149\jars\aether-connector-okhttp-0.17.8.jar
2023-02-17 07:37:15,086 [Worker-27: Launching testejava-crm] INFO  o.eclipse.m2e.core.internal.Bundles - 	Entry: C:\Users\Usuario\Downloads\sts-4.17.2.RELEASE\plugins\org.eclipse.m2e.maven.runtime_3.8.604.20221130-2149\jars\commons-cli-1.4.jar
2023-02-17 07:37:15,086 [Worker-27: Launching testejava-crm] INFO  o.eclipse.m2e.core.internal.Bundles - 	Entry: C:\Users\Usuario\Downloads\sts-4.17.2.RELEASE\plugins\org.eclipse.m2e.maven.runtime_3.8.604.20221130-2149\jars\commons-io-2.6.jar
2023-02-17 07:37:15,086 [Worker-27: Launching testejava-crm] INFO  o.eclipse.m2e.core.internal.Bundles - 	Entry: C:\Users\Usuario\Downloads\sts-4.17.2.RELEASE\plugins\org.eclipse.m2e.maven.runtime_3.8.604.20221130-2149\jars\commons-lang3-3.8.1.jar
2023-02-17 07:37:15,086 [Worker-27: Launching testejava-crm] INFO  o.eclipse.m2e.core.internal.Bundles - 	Entry: C:\Users\Usuario\Downloads\sts-4.17.2.RELEASE\plugins\org.eclipse.m2e.maven.runtime_3.8.604.20221130-2149\jars\guice-4.2.2-no_aop.jar
2023-02-17 07:37:15,086 [Worker-27: Launching testejava-crm] INFO  o.eclipse.m2e.core.internal.Bundles - 	Entry: C:\Users\Usuario\Downloads\sts-4.17.2.RELEASE\plugins\org.eclipse.m2e.maven.runtime_3.8.604.20221130-2149\jars\jansi-2.4.0.jar
2023-02-17 07:37:15,087 [Worker-27: Launching testejava-crm] INFO  o.eclipse.m2e.core.internal.Bundles - 	Entry: C:\Users\Usuario\Downloads\sts-4.17.2.RELEASE\plugins\org.eclipse.m2e.maven.runtime_3.8.604.20221130-2149\jars\maven-artifact-3.8.6.jar
2023-02-17 07:37:15,087 [Worker-27: Launching testejava-crm] INFO  o.eclipse.m2e.core.internal.Bundles - 	Entry: C:\Users\Usuario\Downloads\sts-4.17.2.RELEASE\plugins\org.eclipse.m2e.maven.runtime_3.8.604.20221130-2149\jars\maven-builder-support-3.8.6.jar
2023-02-17 07:37:15,087 [Worker-27: Launching testejava-crm] INFO  o.eclipse.m2e.core.internal.Bundles - 	Entry: C:\Users\Usuario\Downloads\sts-4.17.2.RELEASE\plugins\org.eclipse.m2e.maven.runtime_3.8.604.20221130-2149\jars\maven-compat-3.8.6.jar
2023-02-17 07:37:15,087 [Worker-27: Launching testejava-crm] INFO  o.eclipse.m2e.core.internal.Bundles - 	Entry: C:\Users\Usuario\Downloads\sts-4.17.2.RELEASE\plugins\org.eclipse.m2e.maven.runtime_3.8.604.20221130-2149\jars\maven-core-3.8.6.jar
2023-02-17 07:37:15,087 [Worker-27: Launching testejava-crm] INFO  o.eclipse.m2e.core.internal.Bundles - 	Entry: C:\Users\Usuario\Downloads\sts-4.17.2.RELEASE\plugins\org.eclipse.m2e.maven.runtime_3.8.604.20221130-2149\jars\maven-embedder-3.8.6.jar
2023-02-17 07:37:15,087 [Worker-27: Launching testejava-crm] INFO  o.eclipse.m2e.core.internal.Bundles - 	Entry: C:\Users\Usuario\Downloads\sts-4.17.2.RELEASE\plugins\org.eclipse.m2e.maven.runtime_3.8.604.20221130-2149\jars\maven-model-3.8.6.jar
2023-02-17 07:37:15,087 [Worker-27: Launching testejava-crm] INFO  o.eclipse.m2e.core.internal.Bundles - 	Entry: C:\Users\Usuario\Downloads\sts-4.17.2.RELEASE\plugins\org.eclipse.m2e.maven.runtime_3.8.604.20221130-2149\jars\maven-model-builder-3.8.6.jar
2023-02-17 07:37:15,087 [Worker-27: Launching testejava-crm] INFO  o.eclipse.m2e.core.internal.Bundles - 	Entry: C:\Users\Usuario\Downloads\sts-4.17.2.RELEASE\plugins\org.eclipse.m2e.maven.runtime_3.8.604.20221130-2149\jars\maven-plugin-api-3.8.6.jar
2023-02-17 07:37:15,087 [Worker-27: Launching testejava-crm] INFO  o.eclipse.m2e.core.internal.Bundles - 	Entry: C:\Users\Usuario\Downloads\sts-4.17.2.RELEASE\plugins\org.eclipse.m2e.maven.runtime_3.8.604.20221130-2149\jars\maven-repository-metadata-3.8.6.jar
2023-02-17 07:37:15,087 [Worker-27: Launching testejava-crm] INFO  o.eclipse.m2e.core.internal.Bundles - 	Entry: C:\Users\Usuario\Downloads\sts-4.17.2.RELEASE\plugins\org.eclipse.m2e.maven.runtime_3.8.604.20221130-2149\jars\maven-resolver-api-1.6.3.jar
2023-02-17 07:37:15,088 [Worker-27: Launching testejava-crm] INFO  o.eclipse.m2e.core.internal.Bundles - 	Entry: C:\Users\Usuario\Downloads\sts-4.17.2.RELEASE\plugins\org.eclipse.m2e.maven.runtime_3.8.604.20221130-2149\jars\maven-resolver-connector-basic-1.6.3.jar
2023-02-17 07:37:15,088 [Worker-27: Launching testejava-crm] INFO  o.eclipse.m2e.core.internal.Bundles - 	Entry: C:\Users\Usuario\Downloads\sts-4.17.2.RELEASE\plugins\org.eclipse.m2e.maven.runtime_3.8.604.20221130-2149\jars\maven-resolver-impl-1.6.3.jar
2023-02-17 07:37:15,088 [Worker-27: Launching testejava-crm] INFO  o.eclipse.m2e.core.internal.Bundles - 	Entry: C:\Users\Usuario\Downloads\sts-4.17.2.RELEASE\plugins\org.eclipse.m2e.maven.runtime_3.8.604.20221130-2149\jars\maven-resolver-provider-3.8.6.jar
2023-02-17 07:37:15,088 [Worker-27: Launching testejava-crm] INFO  o.eclipse.m2e.core.internal.Bundles - 	Entry: C:\Users\Usuario\Downloads\sts-4.17.2.RELEASE\plugins\org.eclipse.m2e.maven.runtime_3.8.604.20221130-2149\jars\maven-resolver-spi-1.6.3.jar
2023-02-17 07:37:15,088 [Worker-27: Launching testejava-crm] INFO  o.eclipse.m2e.core.internal.Bundles - 	Entry: C:\Users\Usuario\Downloads\sts-4.17.2.RELEASE\plugins\org.eclipse.m2e.maven.runtime_3.8.604.20221130-2149\jars\maven-resolver-transport-wagon-1.6.3.jar
2023-02-17 07:37:15,088 [Worker-27: Launching testejava-crm] INFO  o.eclipse.m2e.core.internal.Bundles - 	Entry: C:\Users\Usuario\Downloads\sts-4.17.2.RELEASE\plugins\org.eclipse.m2e.maven.runtime_3.8.604.20221130-2149\jars\maven-resolver-util-1.6.3.jar
2023-02-17 07:37:15,088 [Worker-27: Launching testejava-crm] INFO  o.eclipse.m2e.core.internal.Bundles - 	Entry: C:\Users\Usuario\Downloads\sts-4.17.2.RELEASE\plugins\org.eclipse.m2e.maven.runtime_3.8.604.20221130-2149\jars\maven-settings-3.8.6.jar
2023-02-17 07:37:15,088 [Worker-27: Launching testejava-crm] INFO  o.eclipse.m2e.core.internal.Bundles - 	Entry: C:\Users\Usuario\Downloads\sts-4.17.2.RELEASE\plugins\org.eclipse.m2e.maven.runtime_3.8.604.20221130-2149\jars\maven-settings-builder-3.8.6.jar
2023-02-17 07:37:15,088 [Worker-27: Launching testejava-crm] INFO  o.eclipse.m2e.core.internal.Bundles - 	Entry: C:\Users\Usuario\Downloads\sts-4.17.2.RELEASE\plugins\org.eclipse.m2e.maven.runtime_3.8.604.20221130-2149\jars\maven-shared-utils-3.3.4.jar
2023-02-17 07:37:15,089 [Worker-27: Launching testejava-crm] INFO  o.eclipse.m2e.core.internal.Bundles - 	Entry: C:\Users\Usuario\Downloads\sts-4.17.2.RELEASE\plugins\org.eclipse.m2e.maven.runtime_3.8.604.20221130-2149\jars\okhttp-3.14.1.jar
2023-02-17 07:37:15,089 [Worker-27: Launching testejava-crm] INFO  o.eclipse.m2e.core.internal.Bundles - 	Entry: C:\Users\Usuario\Downloads\sts-4.17.2.RELEASE\plugins\org.eclipse.m2e.maven.runtime_3.8.604.20221130-2149\jars\okio-1.17.3.jar
2023-02-17 07:37:15,089 [Worker-27: Launching testejava-crm] INFO  o.eclipse.m2e.core.internal.Bundles - 	Entry: C:\Users\Usuario\Downloads\sts-4.17.2.RELEASE\plugins\org.eclipse.m2e.maven.runtime_3.8.604.20221130-2149\jars\org.eclipse.sisu.inject-0.3.5.jar
2023-02-17 07:37:15,089 [Worker-27: Launching testejava-crm] INFO  o.eclipse.m2e.core.internal.Bundles - 	Entry: C:\Users\Usuario\Downloads\sts-4.17.2.RELEASE\plugins\org.eclipse.m2e.maven.runtime_3.8.604.20221130-2149\jars\org.eclipse.sisu.plexus-0.3.5.jar
2023-02-17 07:37:15,089 [Worker-27: Launching testejava-crm] INFO  o.eclipse.m2e.core.internal.Bundles - 	Entry: C:\Users\Usuario\Downloads\sts-4.17.2.RELEASE\plugins\org.eclipse.m2e.maven.runtime_3.8.604.20221130-2149\jars\plexus-build-api-0.0.7.jar
2023-02-17 07:37:15,089 [Worker-27: Launching testejava-crm] INFO  o.eclipse.m2e.core.internal.Bundles - 	Entry: C:\Users\Usuario\Downloads\sts-4.17.2.RELEASE\plugins\org.eclipse.m2e.maven.runtime_3.8.604.20221130-2149\jars\plexus-cipher-2.0.jar
2023-02-17 07:37:15,089 [Worker-27: Launching testejava-crm] INFO  o.eclipse.m2e.core.internal.Bundles - 	Entry: C:\Users\Usuario\Downloads\sts-4.17.2.RELEASE\plugins\org.eclipse.m2e.maven.runtime_3.8.604.20221130-2149\jars\plexus-classworlds-2.6.0.jar
2023-02-17 07:37:15,089 [Worker-27: Launching testejava-crm] INFO  o.eclipse.m2e.core.internal.Bundles - 	Entry: C:\Users\Usuario\Downloads\sts-4.17.2.RELEASE\plugins\org.eclipse.m2e.maven.runtime_3.8.604.20221130-2149\jars\plexus-component-annotations-2.1.0.jar
2023-02-17 07:37:15,089 [Worker-27: Launching testejava-crm] INFO  o.eclipse.m2e.core.internal.Bundles - 	Entry: C:\Users\Usuario\Downloads\sts-4.17.2.RELEASE\plugins\org.eclipse.m2e.maven.runtime_3.8.604.20221130-2149\jars\plexus-interpolation-1.26.jar
2023-02-17 07:37:15,089 [Worker-27: Launching testejava-crm] INFO  o.eclipse.m2e.core.internal.Bundles - 	Entry: C:\Users\Usuario\Downloads\sts-4.17.2.RELEASE\plugins\org.eclipse.m2e.maven.runtime_3.8.604.20221130-2149\jars\plexus-sec-dispatcher-2.0.jar
2023-02-17 07:37:15,090 [Worker-27: Launching testejava-crm] INFO  o.eclipse.m2e.core.internal.Bundles - 	Entry: C:\Users\Usuario\Downloads\sts-4.17.2.RELEASE\plugins\org.eclipse.m2e.maven.runtime_3.8.604.20221130-2149\jars\plexus-utils-3.3.1.jar
2023-02-17 07:37:15,090 [Worker-27: Launching testejava-crm] INFO  o.eclipse.m2e.core.internal.Bundles - 	Entry: C:\Users\Usuario\Downloads\sts-4.17.2.RELEASE\plugins\org.eclipse.m2e.maven.runtime_3.8.604.20221130-2149\jars\wagon-file-3.5.1.jar
2023-02-17 07:37:15,090 [Worker-27: Launching testejava-crm] INFO  o.eclipse.m2e.core.internal.Bundles - 	Entry: C:\Users\Usuario\Downloads\sts-4.17.2.RELEASE\plugins\org.eclipse.m2e.maven.runtime_3.8.604.20221130-2149\jars\wagon-provider-api-3.5.1.jar
2023-02-17 07:37:15,090 [Worker-27: Launching testejava-crm] INFO  o.eclipse.m2e.core.internal.Bundles - getClasspathEntries(Bundle=com.google.guava_30.1.0.v20221112-0806 [22])
2023-02-17 07:37:15,092 [Worker-27: Launching testejava-crm] INFO  o.eclipse.m2e.core.internal.Bundles - 	Entry: C:\Users\Usuario\Downloads\sts-4.17.2.RELEASE\plugins\com.google.guava_30.1.0.v20221112-0806.jar
2023-02-17 07:37:15,092 [Worker-27: Launching testejava-crm] INFO  o.eclipse.m2e.core.internal.Bundles - getClasspathEntries(Bundle=slf4j.api_1.7.36 [584])
2023-02-17 07:37:15,092 [Worker-27: Launching testejava-crm] INFO  o.eclipse.m2e.core.internal.Bundles - 	Entry: C:\Users\Usuario\Downloads\sts-4.17.2.RELEASE\plugins\slf4j.api_1.7.36.jar
2023-02-17 07:37:15,092 [Worker-27: Launching testejava-crm] INFO  o.eclipse.m2e.core.internal.Bundles - getClasspathEntries(Bundle=javax.inject_1.0.0.v20220405-0441 [49])
2023-02-17 07:37:15,093 [Worker-27: Launching testejava-crm] INFO  o.eclipse.m2e.core.internal.Bundles - 	Entry: C:\Users\Usuario\Downloads\sts-4.17.2.RELEASE\plugins\javax.inject_1.0.0.v20220405-0441.jar
2023-02-17 07:37:15,093 [Worker-27: Launching testejava-crm] INFO  o.eclipse.m2e.core.internal.Bundles - getClasspathEntries(Bundle=javax.annotation_1.3.5.v20221112-0806 [47])
2023-02-17 07:37:15,093 [Worker-27: Launching testejava-crm] INFO  o.eclipse.m2e.core.internal.Bundles - 	Entry: C:\Users\Usuario\Downloads\sts-4.17.2.RELEASE\plugins\javax.annotation_1.3.5.v20221112-0806.jar
2023-02-17 07:37:15,111 [Worker-27: Launching testejava-crm] INFO  o.e.m.i.launch.MavenLaunchDelegate - Run build in "D:\Projetos\testejava-crm":
2023-02-17 07:37:15,111 [Worker-27: Launching testejava-crm] INFO  o.e.m.i.launch.MavenLaunchDelegate -  mvn  -Ppom.xml -B -Dstyle.color=always clean packege
2023-02-17 07:37:55,883 [main] INFO  o.e.m2e.actions.ExecutePomAction - Creating new launch configuration
2023-02-17 07:38:08,186 [Worker-36: Launching testejava-crm (1)] INFO  o.e.m.i.launch.MavenLaunchDelegate - Run build in "D:\Projetos\testejava-crm":
2023-02-17 07:38:08,186 [Worker-36: Launching testejava-crm (1)] INFO  o.e.m.i.launch.MavenLaunchDelegate -  mvn  -Ppom.xml -B -Dstyle.color=always clean package
2023-02-17 07:38:49,992 [Worker-34: Building] INFO  o.a.m.s.f.DefaultMavenResourcesFiltering - Copying 1 resource
2023-02-17 07:38:49,996 [Worker-34: Building] INFO  o.a.m.s.f.DefaultMavenResourcesFiltering - Copying 0 resource
2023-02-17 07:38:49,998 [Worker-34: Building] INFO  o.a.m.s.f.DefaultMavenResourcesFiltering - skip non existing resourceDirectory D:\Projetos\testejava-crm\src\test\resources
